[36m[2023-01-10 16:42:38 DEBUG] [cli:112][39m ###############################################################################
[36m[2023-01-10 16:42:38 DEBUG] [cli:113][39m Running command 'run'
[36m[2023-01-10 16:42:38 DEBUG] [cli:117][39m Using settings file '/Users/jhorton/.chaostoolkit/settings.yaml'
[36m[2023-01-10 16:42:40 DEBUG] [settings:30][39m The Chaos Toolkit settings file could not be found at '/Users/jhorton/.chaostoolkit/settings.yaml'.
[36m[2023-01-10 16:42:40 DEBUG] [__init__:399][39m No controls to apply on 'loader'
[36m[2023-01-10 16:42:40 DEBUG] [__init__:399][39m No controls to apply on 'loader'
[36m[2023-01-10 16:42:40 DEBUG] [caching:24][39m Building activity cache...
[36m[2023-01-10 16:42:40 DEBUG] [caching:35][39m Cached 7 activities
[32m[2023-01-10 16:42:40 INFO] [experiment:58][39m Validating the experiment's syntax
[36m[2023-01-10 16:42:40 DEBUG] [configuration:63][39m Loading configuration...
[36m[2023-01-10 16:42:40 DEBUG] [secret:78][39m Loading secrets...
[36m[2023-01-10 16:42:40 DEBUG] [secret:104][39m Done loading secrets
[32m[2023-01-10 16:42:40 INFO] [experiment:109][39m Experiment looks valid
[36m[2023-01-10 16:42:40 DEBUG] [caching:42][39m Clearing activities cache
[36m[2023-01-10 16:42:40 DEBUG] [caching:24][39m Building activity cache...
[36m[2023-01-10 16:42:40 DEBUG] [caching:35][39m Cached 7 activities
[36m[2023-01-10 16:42:40 DEBUG] [configuration:63][39m Loading configuration...
[36m[2023-01-10 16:42:40 DEBUG] [secret:78][39m Loading secrets...
[36m[2023-01-10 16:42:40 DEBUG] [secret:104][39m Done loading secrets
[36m[2023-01-10 16:42:40 DEBUG] [configuration:160][39m Loading dynamic configuration...
[32m[2023-01-10 16:42:40 INFO] [run:320][39m Running experiment: What is the impact of an expired certificate on our application chain?
[36m[2023-01-10 16:42:40 DEBUG] [__init__:52][39m Initializing controls
[32m[2023-01-10 16:42:40 INFO] [run:344][39m Steady-state strategy: default
[32m[2023-01-10 16:42:40 INFO] [run:348][39m Rollbacks strategy: default
[36m[2023-01-10 16:42:40 DEBUG] [__init__:399][39m No controls to apply on 'experiment'
[36m[2023-01-10 16:42:40 DEBUG] [run:506][39m Running steady-state hypothesis before the method
[32m[2023-01-10 16:42:40 INFO] [hypothesis:182][39m Steady state hypothesis: Application responds
[36m[2023-01-10 16:42:40 DEBUG] [__init__:399][39m No controls to apply on 'hypothesis'
[36m[2023-01-10 16:42:40 DEBUG] [__init__:399][39m No controls to apply on 'activity'
[32m[2023-01-10 16:42:40 INFO] [activity:204][39m Probe: the-astre-service-must-be-running
[36m[2023-01-10 16:42:40 DEBUG] [python:33][39m Activity 'the-astre-service-must-be-running' loaded from '<frozen genericpath>'
[36m[2023-01-10 16:42:40 DEBUG] [activity:221][39m   => succeeded with 'False'
[36m[2023-01-10 16:42:40 DEBUG] [__init__:399][39m No controls to apply on 'activity'
[36m[2023-01-10 16:42:40 DEBUG] [hypothesis:221][39m allowed tolerance is True
[36m[2023-01-10 16:42:40 DEBUG] [__init__:399][39m No controls to apply on 'hypothesis'
[31m[2023-01-10 16:42:40 CRITICAL] [run:516][39m Steady state probe 'the-astre-service-must-be-running' is not in the given tolerance so failing this experiment
[32m[2023-01-10 16:42:40 INFO] [run:458][39m Experiment ended with status: failed
[36m[2023-01-10 16:42:40 DEBUG] [__init__:399][39m No controls to apply on 'experiment'
[36m[2023-01-10 16:42:40 DEBUG] [__init__:91][39m Cleaning up controls
[36m[2023-01-10 16:42:40 DEBUG] [caching:42][39m Clearing activities cache
[36m[2023-01-10 16:42:43 DEBUG] [cli:112][39m ###############################################################################
[36m[2023-01-10 16:42:43 DEBUG] [cli:113][39m Running command 'run'
[36m[2023-01-10 16:42:43 DEBUG] [cli:117][39m Using settings file '/Users/jhorton/.chaostoolkit/settings.yaml'
[36m[2023-01-10 16:42:43 DEBUG] [settings:30][39m The Chaos Toolkit settings file could not be found at '/Users/jhorton/.chaostoolkit/settings.yaml'.
[36m[2023-01-10 16:42:43 DEBUG] [__init__:399][39m No controls to apply on 'loader'
[36m[2023-01-10 16:42:43 DEBUG] [__init__:399][39m No controls to apply on 'loader'
[36m[2023-01-10 16:42:43 DEBUG] [caching:24][39m Building activity cache...
[36m[2023-01-10 16:42:43 DEBUG] [caching:35][39m Cached 7 activities
[32m[2023-01-10 16:42:43 INFO] [experiment:58][39m Validating the experiment's syntax
[36m[2023-01-10 16:42:43 DEBUG] [configuration:63][39m Loading configuration...
[36m[2023-01-10 16:42:43 DEBUG] [secret:78][39m Loading secrets...
[36m[2023-01-10 16:42:43 DEBUG] [secret:104][39m Done loading secrets
[32m[2023-01-10 16:42:43 INFO] [experiment:109][39m Experiment looks valid
[36m[2023-01-10 16:42:43 DEBUG] [caching:42][39m Clearing activities cache
[36m[2023-01-10 16:42:43 DEBUG] [caching:24][39m Building activity cache...
[36m[2023-01-10 16:42:43 DEBUG] [caching:35][39m Cached 7 activities
[36m[2023-01-10 16:42:43 DEBUG] [configuration:63][39m Loading configuration...
[36m[2023-01-10 16:42:43 DEBUG] [secret:78][39m Loading secrets...
[36m[2023-01-10 16:42:43 DEBUG] [secret:104][39m Done loading secrets
[36m[2023-01-10 16:42:43 DEBUG] [configuration:160][39m Loading dynamic configuration...
[32m[2023-01-10 16:42:43 INFO] [run:320][39m Running experiment: What is the impact of an expired certificate on our application chain?
[36m[2023-01-10 16:42:43 DEBUG] [__init__:52][39m Initializing controls
[32m[2023-01-10 16:42:43 INFO] [run:344][39m Steady-state strategy: default
[32m[2023-01-10 16:42:43 INFO] [run:348][39m Rollbacks strategy: default
[36m[2023-01-10 16:42:43 DEBUG] [__init__:399][39m No controls to apply on 'experiment'
[36m[2023-01-10 16:42:43 DEBUG] [run:506][39m Running steady-state hypothesis before the method
[32m[2023-01-10 16:42:43 INFO] [hypothesis:182][39m Steady state hypothesis: Application responds
[36m[2023-01-10 16:42:43 DEBUG] [__init__:399][39m No controls to apply on 'hypothesis'
[36m[2023-01-10 16:42:43 DEBUG] [__init__:399][39m No controls to apply on 'activity'
[32m[2023-01-10 16:42:43 INFO] [activity:204][39m Probe: the-astre-service-must-be-running
[36m[2023-01-10 16:42:43 DEBUG] [python:33][39m Activity 'the-astre-service-must-be-running' loaded from '<frozen genericpath>'
[36m[2023-01-10 16:42:43 DEBUG] [activity:221][39m   => succeeded with 'False'
[36m[2023-01-10 16:42:43 DEBUG] [__init__:399][39m No controls to apply on 'activity'
[36m[2023-01-10 16:42:43 DEBUG] [hypothesis:221][39m allowed tolerance is True
[36m[2023-01-10 16:42:43 DEBUG] [__init__:399][39m No controls to apply on 'hypothesis'
[31m[2023-01-10 16:42:43 CRITICAL] [run:516][39m Steady state probe 'the-astre-service-must-be-running' is not in the given tolerance so failing this experiment
[32m[2023-01-10 16:42:43 INFO] [run:458][39m Experiment ended with status: failed
[36m[2023-01-10 16:42:43 DEBUG] [__init__:399][39m No controls to apply on 'experiment'
[36m[2023-01-10 16:42:43 DEBUG] [__init__:91][39m Cleaning up controls
[36m[2023-01-10 16:42:43 DEBUG] [caching:42][39m Clearing activities cache
[36m[2023-01-10 16:42:46 DEBUG] [cli:112][39m ###############################################################################
[36m[2023-01-10 16:42:46 DEBUG] [cli:113][39m Running command 'run'
[36m[2023-01-10 16:42:46 DEBUG] [cli:117][39m Using settings file '/Users/jhorton/.chaostoolkit/settings.yaml'
[36m[2023-01-10 16:42:46 DEBUG] [settings:30][39m The Chaos Toolkit settings file could not be found at '/Users/jhorton/.chaostoolkit/settings.yaml'.
[36m[2023-01-10 16:42:46 DEBUG] [__init__:399][39m No controls to apply on 'loader'
[36m[2023-01-10 16:42:46 DEBUG] [__init__:399][39m No controls to apply on 'loader'
[36m[2023-01-10 16:42:46 DEBUG] [caching:24][39m Building activity cache...
[36m[2023-01-10 16:42:46 DEBUG] [caching:35][39m Cached 7 activities
[32m[2023-01-10 16:42:46 INFO] [experiment:58][39m Validating the experiment's syntax
[36m[2023-01-10 16:42:46 DEBUG] [configuration:63][39m Loading configuration...
[36m[2023-01-10 16:42:46 DEBUG] [secret:78][39m Loading secrets...
[36m[2023-01-10 16:42:46 DEBUG] [secret:104][39m Done loading secrets
[32m[2023-01-10 16:42:46 INFO] [experiment:109][39m Experiment looks valid
[36m[2023-01-10 16:42:46 DEBUG] [caching:42][39m Clearing activities cache
[36m[2023-01-10 16:42:46 DEBUG] [caching:24][39m Building activity cache...
[36m[2023-01-10 16:42:46 DEBUG] [caching:35][39m Cached 7 activities
[36m[2023-01-10 16:42:46 DEBUG] [configuration:63][39m Loading configuration...
[36m[2023-01-10 16:42:46 DEBUG] [secret:78][39m Loading secrets...
[36m[2023-01-10 16:42:46 DEBUG] [secret:104][39m Done loading secrets
[36m[2023-01-10 16:42:46 DEBUG] [configuration:160][39m Loading dynamic configuration...
[32m[2023-01-10 16:42:46 INFO] [run:320][39m Running experiment: What is the impact of an expired certificate on our application chain?
[36m[2023-01-10 16:42:46 DEBUG] [__init__:52][39m Initializing controls
[32m[2023-01-10 16:42:46 INFO] [run:344][39m Steady-state strategy: default
[32m[2023-01-10 16:42:46 INFO] [run:348][39m Rollbacks strategy: default
[36m[2023-01-10 16:42:46 DEBUG] [__init__:399][39m No controls to apply on 'experiment'
[36m[2023-01-10 16:42:46 DEBUG] [run:506][39m Running steady-state hypothesis before the method
[32m[2023-01-10 16:42:46 INFO] [hypothesis:182][39m Steady state hypothesis: Application responds
[36m[2023-01-10 16:42:46 DEBUG] [__init__:399][39m No controls to apply on 'hypothesis'
[36m[2023-01-10 16:42:46 DEBUG] [__init__:399][39m No controls to apply on 'activity'
[32m[2023-01-10 16:42:46 INFO] [activity:204][39m Probe: the-astre-service-must-be-running
[36m[2023-01-10 16:42:46 DEBUG] [python:33][39m Activity 'the-astre-service-must-be-running' loaded from '<frozen genericpath>'
[36m[2023-01-10 16:42:46 DEBUG] [activity:221][39m   => succeeded with 'False'
[36m[2023-01-10 16:42:46 DEBUG] [__init__:399][39m No controls to apply on 'activity'
[36m[2023-01-10 16:42:46 DEBUG] [hypothesis:221][39m allowed tolerance is True
[36m[2023-01-10 16:42:46 DEBUG] [__init__:399][39m No controls to apply on 'hypothesis'
[31m[2023-01-10 16:42:46 CRITICAL] [run:516][39m Steady state probe 'the-astre-service-must-be-running' is not in the given tolerance so failing this experiment
[32m[2023-01-10 16:42:46 INFO] [run:458][39m Experiment ended with status: failed
[36m[2023-01-10 16:42:46 DEBUG] [__init__:399][39m No controls to apply on 'experiment'
[36m[2023-01-10 16:42:46 DEBUG] [__init__:91][39m Cleaning up controls
[36m[2023-01-10 16:42:46 DEBUG] [caching:42][39m Clearing activities cache
[36m[2023-01-10 16:43:10 DEBUG] [cli:112][39m ###############################################################################
[36m[2023-01-10 16:43:10 DEBUG] [cli:113][39m Running command 'run'
[36m[2023-01-10 16:43:10 DEBUG] [cli:117][39m Using settings file '/Users/jhorton/.chaostoolkit/settings.yaml'
[36m[2023-01-10 16:43:11 DEBUG] [settings:30][39m The Chaos Toolkit settings file could not be found at '/Users/jhorton/.chaostoolkit/settings.yaml'.
[36m[2023-01-10 16:43:11 DEBUG] [__init__:399][39m No controls to apply on 'loader'
[36m[2023-01-10 16:43:11 DEBUG] [__init__:399][39m No controls to apply on 'loader'
[36m[2023-01-10 16:43:11 DEBUG] [caching:24][39m Building activity cache...
[36m[2023-01-10 16:43:11 DEBUG] [caching:35][39m Cached 7 activities
[32m[2023-01-10 16:43:11 INFO] [experiment:58][39m Validating the experiment's syntax
[36m[2023-01-10 16:43:11 DEBUG] [configuration:63][39m Loading configuration...
[36m[2023-01-10 16:43:11 DEBUG] [secret:78][39m Loading secrets...
[36m[2023-01-10 16:43:11 DEBUG] [secret:104][39m Done loading secrets
[32m[2023-01-10 16:43:11 INFO] [experiment:109][39m Experiment looks valid
[36m[2023-01-10 16:43:11 DEBUG] [caching:42][39m Clearing activities cache
[36m[2023-01-10 16:43:11 DEBUG] [caching:24][39m Building activity cache...
[36m[2023-01-10 16:43:11 DEBUG] [caching:35][39m Cached 7 activities
[36m[2023-01-10 16:43:11 DEBUG] [configuration:63][39m Loading configuration...
[36m[2023-01-10 16:43:11 DEBUG] [secret:78][39m Loading secrets...
[36m[2023-01-10 16:43:11 DEBUG] [secret:104][39m Done loading secrets
[36m[2023-01-10 16:43:11 DEBUG] [configuration:160][39m Loading dynamic configuration...
[32m[2023-01-10 16:43:11 INFO] [run:320][39m Running experiment: What is the impact of an expired certificate on our application chain?
[36m[2023-01-10 16:43:11 DEBUG] [__init__:52][39m Initializing controls
[32m[2023-01-10 16:43:11 INFO] [run:344][39m Steady-state strategy: default
[32m[2023-01-10 16:43:11 INFO] [run:348][39m Rollbacks strategy: default
[36m[2023-01-10 16:43:11 DEBUG] [__init__:399][39m No controls to apply on 'experiment'
[36m[2023-01-10 16:43:11 DEBUG] [run:506][39m Running steady-state hypothesis before the method
[32m[2023-01-10 16:43:11 INFO] [hypothesis:182][39m Steady state hypothesis: Application responds
[36m[2023-01-10 16:43:11 DEBUG] [__init__:399][39m No controls to apply on 'hypothesis'
[36m[2023-01-10 16:43:11 DEBUG] [__init__:399][39m No controls to apply on 'activity'
[32m[2023-01-10 16:43:11 INFO] [activity:204][39m Probe: the-astre-service-must-be-running
[36m[2023-01-10 16:43:11 DEBUG] [python:33][39m Activity 'the-astre-service-must-be-running' loaded from '<frozen genericpath>'
[36m[2023-01-10 16:43:11 DEBUG] [activity:221][39m   => succeeded with 'False'
[36m[2023-01-10 16:43:11 DEBUG] [__init__:399][39m No controls to apply on 'activity'
[36m[2023-01-10 16:43:11 DEBUG] [hypothesis:221][39m allowed tolerance is True
[36m[2023-01-10 16:43:11 DEBUG] [__init__:399][39m No controls to apply on 'hypothesis'
[31m[2023-01-10 16:43:11 CRITICAL] [run:516][39m Steady state probe 'the-astre-service-must-be-running' is not in the given tolerance so failing this experiment
[32m[2023-01-10 16:43:11 INFO] [run:458][39m Experiment ended with status: failed
[36m[2023-01-10 16:43:11 DEBUG] [__init__:399][39m No controls to apply on 'experiment'
[36m[2023-01-10 16:43:11 DEBUG] [__init__:91][39m Cleaning up controls
[36m[2023-01-10 16:43:11 DEBUG] [caching:42][39m Clearing activities cache
